# JRE version: Java(TM) SE Runtime Environment (8.0_291-b10) (build 1.8.0_291-b10)
# Java VM: Java HotSpot(TM) 64-Bit Server VM (25.291-b10 mixed mode linux-amd64 compressed oops)
Heap:
 PSYoungGen      total 106496K, used 77928K [0x00000000d7f00000, 0x00000000e0080000, 0x0000000100000000)
  eden space 85504K, 70% used [0x00000000d7f00000,0x00000000dba3f0c8,0x00000000dd280000)
  from space 20992K, 82% used [0x00000000dec00000,0x00000000dfcdb270,0x00000000e0080000)
  to   space 23552K, 0% used [0x00000000dd280000,0x00000000dd280000,0x00000000de980000)
 ParOldGen       total 126976K, used 59189K [0x0000000087c00000, 0x000000008f800000, 0x00000000d7f00000)
  object space 126976K, 46% used [0x0000000087c00000,0x000000008b5cd508,0x000000008f800000)
 Metaspace       used 56222K, capacity 58042K, committed 58368K, reserved 1099776K
  class space    used 6971K, capacity 7329K, committed 7424K, reserved 1048576K
GC Heap History (10 events):
Event: 2648.892 GC heap before
{Heap before GC invocations=11 (full 2):
 PSYoungGen      total 70144K, used 62369K [0x00000000d7f00000, 0x00000000df680000, 0x0000000100000000)
  eden space 49664K, 100% used [0x00000000d7f00000,0x00000000daf80000,0x00000000daf80000)
  from space 20480K, 62% used [0x00000000dc700000,0x00000000dd368770,0x00000000ddb00000)
  to   space 24064K, 0% used [0x00000000daf80000,0x00000000daf80000,0x00000000dc700000)
 ParOldGen       total 95744K, used 43829K [0x0000000087c00000, 0x000000008d980000, 0x00000000d7f00000)
  object space 95744K, 45% used [0x0000000087c00000,0x000000008a6cd7f8,0x000000008d980000)
 Metaspace       used 34550K, capacity 36210K, committed 36480K, reserved 1081344K
  class space    used 4545K, capacity 4871K, committed 4992K, reserved 1048576K
Event: 2648.905 GC heap after
Heap after GC invocations=11 (full 2):
 PSYoungGen      total 73728K, used 12153K [0x00000000d7f00000, 0x00000000df480000, 0x0000000100000000)
  eden space 49664K, 0% used [0x00000000d7f00000,0x00000000d7f00000,0x00000000daf80000)
  from space 24064K, 50% used [0x00000000daf80000,0x00000000dbb5e520,0x00000000dc700000)
  to   space 23552K, 0% used [0x00000000ddd80000,0x00000000ddd80000,0x00000000df480000)
 ParOldGen       total 95744K, used 43837K [0x0000000087c00000, 0x000000008d980000, 0x00000000d7f00000)
  object space 95744K, 45% used [0x0000000087c00000,0x000000008a6cf7f8,0x000000008d980000)
 Metaspace       used 34550K, capacity 36210K, committed 36480K, reserved 1081344K
  class space    used 4545K, capacity 4871K, committed 4992K, reserved 1048576K
}
Event: 2650.623 GC heap before
{Heap before GC invocations=12 (full 2):
 PSYoungGen      total 73728K, used 59162K [0x00000000d7f00000, 0x00000000df480000, 0x0000000100000000)
  eden space 49664K, 94% used [0x00000000d7f00000,0x00000000dace8658,0x00000000daf80000)
  from space 24064K, 50% used [0x00000000daf80000,0x00000000dbb5e520,0x00000000dc700000)
  to   space 23552K, 0% used [0x00000000ddd80000,0x00000000ddd80000,0x00000000df480000)
 ParOldGen       total 95744K, used 43837K [0x0000000087c00000, 0x000000008d980000, 0x00000000d7f00000)
  object space 95744K, 45% used [0x0000000087c00000,0x000000008a6cf7f8,0x000000008d980000)
 Metaspace       used 47689K, capacity 49404K, committed 49708K, reserved 1093632K
  class space    used 5847K, capacity 6171K, committed 6272K, reserved 1048576K
Event: 2650.652 GC heap after
Heap after GC invocations=12 (full 2):
 PSYoungGen      total 95744K, used 13279K [0x00000000d7f00000, 0x00000000df300000, 0x0000000100000000)
  eden space 73728K, 0% used [0x00000000d7f00000,0x00000000d7f00000,0x00000000dc700000)
  from space 22016K, 60% used [0x00000000ddd80000,0x00000000dea77c18,0x00000000df300000)
  to   space 22528K, 0% used [0x00000000dc700000,0x00000000dc700000,0x00000000ddd00000)
 ParOldGen       total 95744K, used 51693K [0x0000000087c00000, 0x000000008d980000, 0x00000000d7f00000)
  object space 95744K, 53% used [0x0000000087c00000,0x000000008ae7b610,0x000000008d980000)
 Metaspace       used 47689K, capacity 49404K, committed 49708K, reserved 1093632K
  class space    used 5847K, capacity 6171K, committed 6272K, reserved 1048576K
}
Event: 2650.652 GC heap before
{Heap before GC invocations=13 (full 3):
 PSYoungGen      total 95744K, used 13279K [0x00000000d7f00000, 0x00000000df300000, 0x0000000100000000)
  eden space 73728K, 0% used [0x00000000d7f00000,0x00000000d7f00000,0x00000000dc700000)
  from space 22016K, 60% used [0x00000000ddd80000,0x00000000dea77c18,0x00000000df300000)
  to   space 22528K, 0% used [0x00000000dc700000,0x00000000dc700000,0x00000000ddd00000)
 ParOldGen       total 95744K, used 51693K [0x0000000087c00000, 0x000000008d980000, 0x00000000d7f00000)
  object space 95744K, 53% used [0x0000000087c00000,0x000000008ae7b610,0x000000008d980000)
 Metaspace       used 47689K, capacity 49404K, committed 49708K, reserved 1093632K
  class space    used 5847K, capacity 6171K, committed 6272K, reserved 1048576K
Event: 2650.939 GC heap after
Heap after GC invocations=13 (full 3):
 PSYoungGen      total 95744K, used 0K [0x00000000d7f00000, 0x00000000df300000, 0x0000000100000000)
  eden space 73728K, 0% used [0x00000000d7f00000,0x00000000d7f00000,0x00000000dc700000)
  from space 22016K, 0% used [0x00000000ddd80000,0x00000000ddd80000,0x00000000df300000)
  to   space 22528K, 0% used [0x00000000dc700000,0x00000000dc700000,0x00000000ddd00000)
 ParOldGen       total 126976K, used 59173K [0x0000000087c00000, 0x000000008f800000, 0x00000000d7f00000)
  object space 126976K, 46% used [0x0000000087c00000,0x000000008b5c9508,0x000000008f800000)
 Metaspace       used 47689K, capacity 49404K, committed 49708K, reserved 1093632K
  class space    used 5847K, capacity 6171K, committed 6272K, reserved 1048576K
}
Event: 2669.283 GC heap before
{Heap before GC invocations=14 (full 3):
 PSYoungGen      total 95744K, used 73728K [0x00000000d7f00000, 0x00000000df300000, 0x0000000100000000)
  eden space 73728K, 100% used [0x00000000d7f00000,0x00000000dc700000,0x00000000dc700000)
  from space 22016K, 0% used [0x00000000ddd80000,0x00000000ddd80000,0x00000000df300000)
  to   space 22528K, 0% used [0x00000000dc700000,0x00000000dc700000,0x00000000ddd00000)
 ParOldGen       total 126976K, used 59173K [0x0000000087c00000, 0x000000008f800000, 0x00000000d7f00000)
  object space 126976K, 46% used [0x0000000087c00000,0x000000008b5c9508,0x000000008f800000)
 Metaspace       used 55324K, capacity 57120K, committed 57472K, reserved 1099776K
  class space    used 6957K, capacity 7287K, committed 7296K, reserved 1048576K
Event: 2669.292 GC heap after
Heap after GC invocations=14 (full 3):
 PSYoungGen      total 96256K, used 6154K [0x00000000d7f00000, 0x00000000e0280000, 0x0000000100000000)
  eden space 73728K, 0% used [0x00000000d7f00000,0x00000000d7f00000,0x00000000dc700000)
  from space 22528K, 27% used [0x00000000dc700000,0x00000000dcd029e8,0x00000000ddd00000)
  to   space 23040K, 0% used [0x00000000dec00000,0x00000000dec00000,0x00000000e0280000)
 ParOldGen       total 126976K, used 59181K [0x0000000087c00000, 0x000000008f800000, 0x00000000d7f00000)
  object space 126976K, 46% used [0x0000000087c00000,0x000000008b5cb508,0x000000008f800000)
 Metaspace       used 55324K, capacity 57120K, committed 57472K, reserved 1099776K
  class space    used 6957K, capacity 7287K, committed 7296K, reserved 1048576K
}
Event: 11343.596 GC heap before
{Heap before GC invocations=15 (full 3):
 PSYoungGen      total 96256K, used 79882K [0x00000000d7f00000, 0x00000000e0280000, 0x0000000100000000)
  eden space 73728K, 100% used [0x00000000d7f00000,0x00000000dc700000,0x00000000dc700000)
  from space 22528K, 27% used [0x00000000dc700000,0x00000000dcd029e8,0x00000000ddd00000)
  to   space 23040K, 0% used [0x00000000dec00000,0x00000000dec00000,0x00000000e0280000)
 ParOldGen       total 126976K, used 59181K [0x0000000087c00000, 0x000000008f800000, 0x00000000d7f00000)
  object space 126976K, 46% used [0x0000000087c00000,0x000000008b5cb508,0x000000008f800000)
 Metaspace       used 56031K, capacity 57850K, committed 58368K, reserved 1099776K
  class space    used 6970K, capacity 7329K, committed 7424K, reserved 1048576K
Event: 11343.610 GC heap after
Heap after GC invocations=15 (full 3):
 PSYoungGen      total 106496K, used 17260K [0x00000000d7f00000, 0x00000000e0080000, 0x0000000100000000)
  eden space 85504K, 0% used [0x00000000d7f00000,0x00000000d7f00000,0x00000000dd280000)
  from space 20992K, 82% used [0x00000000dec00000,0x00000000dfcdb270,0x00000000e0080000)
  to   space 23552K, 0% used [0x00000000dd280000,0x00000000dd280000,0x00000000de980000)
 ParOldGen       total 126976K, used 59189K [0x0000000087c00000, 0x000000008f800000, 0x00000000d7f00000)
  object space 126976K, 46% used [0x0000000087c00000,0x000000008b5cd508,0x000000008f800000)
 Metaspace       used 56031K, capacity 57850K, committed 58368K, reserved 1099776K
  class space    used 6970K, capacity 7329K, committed 7424K, reserved 1048576K
}

